<?xml version="1.0" encoding="UTF-8"?>
<!-- Generated by org.testng.reporters.JUnitXMLReporter -->
<testsuite hostname="Abhisheks-MacBook-Air.local" ignored="7" name="Test Grouping" tests="3" failures="0" timestamp="2019-11-10T22:01:31 EST" time="0.098" errors="0">
  <testcase name="m1" time="0.015" classname="testNG.TestGrouping"/>
  <testcase name="m2" time="0.005" classname="testNG.TestGrouping"/>
  <testcase name="f2" time="0.001" classname="testNG.TestGroupingNew"/>
  <testcase name="m4" time="0.0" classname="testNG.TestGrouping">
    <ignored/>
  </testcase> <!-- m4 -->
  <testcase name="f1" time="0.0" classname="testNG.TestGroupingNew">
    <ignored/>
  </testcase> <!-- f1 -->
  <testcase name="f4" time="0.0" classname="testNG.TestGroupingNew">
    <ignored/>
  </testcase> <!-- f4 -->
  <testcase name="f3" time="0.0" classname="testNG.TestGroupingNew">
    <ignored/>
  </testcase> <!-- f3 -->
  <testcase name="f6" time="0.0" classname="testNG.TestGroupingNew">
    <ignored/>
  </testcase> <!-- f6 -->
  <testcase name="f5" time="0.0" classname="testNG.TestGroupingNew">
    <ignored/>
  </testcase> <!-- f5 -->
  <testcase name="m3" time="0.0" classname="testNG.TestGrouping">
    <ignored/>
  </testcase> <!-- m3 -->
</testsuite> <!-- Test Grouping -->
