<?xml version="1.0" encoding="UTF-8"?>
<testng-results skipped="0" failed="1" ignored="0" total="4" passed="3">
  <reporter-output>
  </reporter-output>
  <suite name="TestNG" duration-ms="10980" started-at="2019-11-10T22:31:45 EST" finished-at="2019-11-10T22:31:56 EST">
    <groups>
    </groups>
    <test name="Test Dependency" duration-ms="10980" started-at="2019-11-10T22:31:45 EST" finished-at="2019-11-10T22:31:56 EST">
      <class name="testNG.TestDependencyUsingFacebook">
        <test-method status="PASS" signature="openBrowser()[pri:0, instance:testNG.TestDependencyUsingFacebook@b9afc07]" name="openBrowser" duration-ms="5348" started-at="2019-11-10T22:31:50 EST" finished-at="2019-11-10T22:31:55 EST">
          <reporter-output>
          </reporter-output>
        </test-method> <!-- openBrowser -->
        <test-method status="FAIL" signature="loginToFacebook()[pri:0, instance:testNG.TestDependencyUsingFacebook@b9afc07]" name="loginToFacebook" duration-ms="328" started-at="2019-11-10T22:31:55 EST" depends-on-methods="testNG.TestDependencyUsingFacebook.openBrowser" finished-at="2019-11-10T22:31:56 EST">
          <exception class="org.openqa.selenium.NoSuchWindowException">
            <message>
              <![CDATA[no such window: window was already closed
  (Session info: chrome=78.0.3904.97)
Build info: version: '3.9.1', revision: '63f7b50', time: '2018-02-07T22:42:28.403Z'
System info: host: 'Abhisheks-MacBook-Air.local', ip: '2604:2000:e0c1:8300:8142:4103:8a3f:1c27', os.name: 'Mac OS X', os.arch: 'x86_64', os.version: '10.14.6', java.version: '1.8.0_77'
Driver info: org.openqa.selenium.chrome.ChromeDriver
Capabilities {acceptInsecureCerts: false, browserName: chrome, browserVersion: 78.0.3904.97, chrome: {chromedriverVersion: 78.0.3904.70 (edb9c9f3de024..., userDataDir: /var/folders/wd/j1z0lhr55gb...}, goog:chromeOptions: {debuggerAddress: localhost:50281}, javascriptEnabled: true, networkConnectionEnabled: false, pageLoadStrategy: normal, platform: MAC, platformName: MAC, proxy: Proxy(), setWindowRect: true, strictFileInteractability: false, timeouts: {implicit: 0, pageLoad: 300000, script: 30000}, unhandledPromptBehavior: dismiss and notify}
Session ID: cb34f1b924540c6521b00c6e806be5f6
*** Element info: {Using=id, value=email}]]>
            </message>
            <full-stacktrace>
              <![CDATA[org.openqa.selenium.NoSuchWindowException: no such window: window was already closed
  (Session info: chrome=78.0.3904.97)
Build info: version: '3.9.1', revision: '63f7b50', time: '2018-02-07T22:42:28.403Z'
System info: host: 'Abhisheks-MacBook-Air.local', ip: '2604:2000:e0c1:8300:8142:4103:8a3f:1c27', os.name: 'Mac OS X', os.arch: 'x86_64', os.version: '10.14.6', java.version: '1.8.0_77'
Driver info: org.openqa.selenium.chrome.ChromeDriver
Capabilities {acceptInsecureCerts: false, browserName: chrome, browserVersion: 78.0.3904.97, chrome: {chromedriverVersion: 78.0.3904.70 (edb9c9f3de024..., userDataDir: /var/folders/wd/j1z0lhr55gb...}, goog:chromeOptions: {debuggerAddress: localhost:50281}, javascriptEnabled: true, networkConnectionEnabled: false, pageLoadStrategy: normal, platform: MAC, platformName: MAC, proxy: Proxy(), setWindowRect: true, strictFileInteractability: false, timeouts: {implicit: 0, pageLoad: 300000, script: 30000}, unhandledPromptBehavior: dismiss and notify}
Session ID: cb34f1b924540c6521b00c6e806be5f6
*** Element info: {Using=id, value=email}
at sun.reflect.NativeConstructorAccessorImpl.newInstance0(Native Method)
at sun.reflect.NativeConstructorAccessorImpl.newInstance(NativeConstructorAccessorImpl.java:62)
at sun.reflect.DelegatingConstructorAccessorImpl.newInstance(DelegatingConstructorAccessorImpl.java:45)
at java.lang.reflect.Constructor.newInstance(Constructor.java:423)
at org.openqa.selenium.remote.http.W3CHttpResponseCodec.createException(W3CHttpResponseCodec.java:187)
at org.openqa.selenium.remote.http.W3CHttpResponseCodec.decode(W3CHttpResponseCodec.java:122)
at org.openqa.selenium.remote.http.W3CHttpResponseCodec.decode(W3CHttpResponseCodec.java:49)
at org.openqa.selenium.remote.HttpCommandExecutor.execute(HttpCommandExecutor.java:160)
at org.openqa.selenium.remote.service.DriverCommandExecutor.execute(DriverCommandExecutor.java:83)
at org.openqa.selenium.remote.RemoteWebDriver.execute(RemoteWebDriver.java:601)
at org.openqa.selenium.remote.RemoteWebDriver.findElement(RemoteWebDriver.java:371)
at org.openqa.selenium.remote.RemoteWebDriver.findElementById(RemoteWebDriver.java:417)
at org.openqa.selenium.By$ById.findElement(By.java:218)
at org.openqa.selenium.remote.RemoteWebDriver.findElement(RemoteWebDriver.java:363)
at testNG.TestDependencyUsingFacebook.loginToFacebook(TestDependencyUsingFacebook.java:34)
at sun.reflect.NativeMethodAccessorImpl.invoke0(Native Method)
at sun.reflect.NativeMethodAccessorImpl.invoke(NativeMethodAccessorImpl.java:62)
at sun.reflect.DelegatingMethodAccessorImpl.invoke(DelegatingMethodAccessorImpl.java:43)
at java.lang.reflect.Method.invoke(Method.java:498)
at org.testng.internal.MethodInvocationHelper.invokeMethod(MethodInvocationHelper.java:133)
at org.testng.internal.TestInvoker.invokeMethod(TestInvoker.java:584)
at org.testng.internal.TestInvoker.invokeTestMethod(TestInvoker.java:172)
at org.testng.internal.MethodRunner.runInSequence(MethodRunner.java:46)
at org.testng.internal.TestInvoker$MethodInvocationAgent.invoke(TestInvoker.java:804)
at org.testng.internal.TestInvoker.invokeTestMethods(TestInvoker.java:145)
at org.testng.internal.TestMethodWorker.invokeTestMethods(TestMethodWorker.java:146)
at org.testng.internal.TestMethodWorker.run(TestMethodWorker.java:128)
at java.util.concurrent.ThreadPoolExecutor.runWorker(ThreadPoolExecutor.java:1142)
at java.util.concurrent.ThreadPoolExecutor$Worker.run(ThreadPoolExecutor.java:617)
at java.lang.Thread.run(Thread.java:745)
]]>
            </full-stacktrace>
          </exception> <!-- org.openqa.selenium.NoSuchWindowException -->
          <reporter-output>
          </reporter-output>
        </test-method> <!-- loginToFacebook -->
      </class> <!-- testNG.TestDependencyUsingFacebook -->
      <class name="testNG.TestNGAssertions">
        <test-method status="PASS" signature="invokeBrowser()[pri:0, instance:testNG.TestNGAssertions@6483f5ae]" name="invokeBrowser" is-config="true" duration-ms="4954" started-at="2019-11-10T22:31:45 EST" finished-at="2019-11-10T22:31:50 EST">
          <reporter-output>
          </reporter-output>
        </test-method> <!-- invokeBrowser -->
        <test-method status="PASS" signature="getTitle()[pri:0, instance:testNG.TestNGAssertions@6483f5ae]" name="getTitle" duration-ms="38" started-at="2019-11-10T22:31:50 EST" finished-at="2019-11-10T22:31:50 EST">
          <reporter-output>
          </reporter-output>
        </test-method> <!-- getTitle -->
        <test-method status="PASS" signature="testEquality()[pri:0, instance:testNG.TestNGAssertions@6483f5ae]" name="testEquality" duration-ms="2" started-at="2019-11-10T22:31:50 EST" finished-at="2019-11-10T22:31:50 EST">
          <reporter-output>
          </reporter-output>
        </test-method> <!-- testEquality -->
        <test-method status="PASS" signature="closeBrowser()[pri:0, instance:testNG.TestNGAssertions@6483f5ae]" name="closeBrowser" is-config="true" duration-ms="254" started-at="2019-11-10T22:31:56 EST" finished-at="2019-11-10T22:31:56 EST">
          <reporter-output>
          </reporter-output>
        </test-method> <!-- closeBrowser -->
      </class> <!-- testNG.TestNGAssertions -->
    </test> <!-- Test Dependency -->
  </suite> <!-- TestNG -->
</testng-results>
